\o Program:		@(#)$CDS: libManager version 6.1.6 - CAT33 02/20/2013 14:27 (sjfnl893) $
\o Sub version:		sub-version  p011 
\o Arguments:		-unmapped -mpssession virtuoso8990 -mpshost heartprob 
\o Working Directory:	heartprob:/home/heart/work
\o 64-bit offsets
\o Qt version: 		4.7.2
\o changeWorkingDir("/home/heart/work") unnecessary.
\o ddSetForcedLib("") unnecessary.
\o Log file is "/home/heart/work/libManager.log".
\o Opening libManager window.
\a nrSetWindowVisibility(cdsLibManager "show")
\o MPS service: map window
\o Library Manager customization server connected.
\a nrSetCurrentWindow(cdsLibManager)
\a nrResizeWindow(cdsLibManager list(0 24 1916 1001))
\a cdsLibManager->libListBox->value = "Tech_Seminar_MM"
\a cdsLibManager->libListBox->value = "Tech_seminar_SM"
\a lmgrLogShowPopup("mainListPopup0" 63 39 2 "Tech_seminar_SM")
\a cdsLibManager->libLineEdit->value = "Tech_seminar_SM"
\a cdsLibManager->editDeleteButton->value = t
\a deleteForm->deleteBothRadioButton->value = t
\a deleteForm->deleteFilterEdit->value = "*"
\a deleteForm->notDeleteFilterEdit->value = "*"
\a nrSetWindowVisibility(deleteForm "show")
\a nrSetCurrentWindow(deleteForm)
\a nrResizeWindow(deleteForm list(645 312 627 425))
\a deleteForm->OK->value = t
\o QUESTION (CLM-199): The following 1 items are marked for deletion.  Are you sure?
\a nrSetWindowVisibility(mcMBXDLG "show")
\a nrSetCurrentWindow(mcMBXDLG)
\a nrResizeWindow(mcMBXDLG list(741 375 435 312))
\a mcMBXDLG->pushButton1->value = t
\o Deleting 1 library.
\o Deleting library "Tech_seminar_SM".
\a nrSetWindowVisibility(workingDialogForm "show")
\a nrSetCurrentWindow(deleteForm)
\o Deleted library 'Tech_seminar_SM'.
\o Delete of library "Tech_seminar_SM" succeeded.
\o Deletion of library done.
\a nrSetCurrentWindow(cdsLibManager)
\a nrSetCurrentWindow(workingDialogForm)
\a nrSetCurrentWindow(cdsLibManager)
\a nrResizeWindow(workingDialogForm list(2 26 281 131))
\a cdsLibManager->libListBox->value = nil
\a cdsLibManager->libListBox->value = "Tech_Seminar_MM"
\a cdsLibManager->libLineEdit->value = "Tech_Seminar_MM"
\a cdsLibManager->cellListBox->value = "CI_CSKA"
\a cdsLibManager->viewListBox->value = "schematic"
\a cdsLibManager->viewLineEdit->value = "schematic"
\a cdsLibManager->viewLineEdit->value = ""
\a cdsLibManager->viewListBox->value = nil
\a lmgrLogShowPopup("mainListPopup1" 28 37 2 "CI_CSKA")
\a cdsLibManager->cellLineEdit->value = "CI_CSKA"
\a cdsLibManager->editDeleteButton->value = t
\a nrSetWindowVisibility(deleteForm "show")
\a nrSetCurrentWindow(deleteForm)
\a nrResizeWindow(deleteForm list(645 312 627 425))
\a deleteForm->OK->value = t
\o QUESTION (CLM-199): The following 1 items are marked for deletion.  Are you sure?
\a nrSetWindowVisibility(mcMBXDLG "show")
\a nrSetCurrentWindow(mcMBXDLG)
\a nrResizeWindow(mcMBXDLG list(777 379 362 300))
\a mcMBXDLG->pushButton1->value = t
\o Deleting cell "CI_CSKA" from library "Tech_Seminar_MM".
\a nrSetWindowVisibility(workingDialogForm "show")
\a nrSetCurrentWindow(deleteForm)
\o Deleted cell 'Tech_Seminar_MM/CI_CSKA'.
\a nrSetCurrentWindow(cdsLibManager)
\o Deletion of 1 cell done.
\a nrSetCurrentWindow(workingDialogForm)
\a cdsLibManager->cellListBox->value = nil
\a cdsLibManager->cellLineEdit->value = ""
\a nrResizeWindow(workingDialogForm list(820 366 281 131))
\a cdsLibManager->libListBox->value = nil
\a cdsLibManager->libLineEdit->value = ""
\a cdsLibManager->libListBox->value = "Tech_Seminar_MM"
\a cdsLibManager->libLineEdit->value = "Tech_Seminar_MM"
\a nrSetCurrentWindow(cdsLibManager)
\a cdsLibManager->cellListBox->value = "and4"
\a cdsLibManager->viewListBox->value = "schematic"
\a cdsLibManager->viewLineEdit->value = "schematic"
\a cdsLibManager->cellListBox->value = "cska_32test"
\a cdsLibManager->viewLineEdit->value = ""
\a cdsLibManager->viewListBox->value = nil
\a cdsLibManager->viewListBox->value = "schematic"
\a cdsLibManager->viewLineEdit->value = "schematic"
\a cdsLibManager->cellListBox->value = "CI_CSKA_VSS"
\a cdsLibManager->viewLineEdit->value = ""
\a cdsLibManager->viewListBox->value = nil
\a cdsLibManager->viewListBox->value = "schematic"
\a cdsLibManager->viewLineEdit->value = "schematic"
\a cdsLibManager->cellListBox->value = "Conv_CSKA"
\a cdsLibManager->viewLineEdit->value = ""
\a cdsLibManager->viewListBox->value = nil
\a cdsLibManager->viewListBox->value = "schematic"
\a cdsLibManager->viewLineEdit->value = "schematic"
\a cdsLibManager->viewLineEdit->value = ""
\a cdsLibManager->viewListBox->value = nil
\a lmgrLogShowPopup("mainListPopup1" 74 65 2 "Conv_CSKA")
\a cdsLibManager->cellLineEdit->value = "Conv_CSKA"
\a cdsLibManager->cellListBox->value = nil
\a nrListItemAction(cdsLibManager->cellListBox 4 0)
\a cdsLibManager->cellListBox->value = "Conv_CSKA"
\a cdsLibManager->viewListBox->value = "schematic"
\a cdsLibManager->viewLineEdit->value = "schematic"
\a cdsLibManager->viewLineEdit->value = ""
\a cdsLibManager->viewListBox->value = nil
\o MPS request: edit design
\a cdsLibManager->cellListBox->value = nil
\a nrListItemAction(cdsLibManager->cellListBox 4 0)
\a cdsLibManager->cellListBox->value = "Conv_CSKA"
\a cdsLibManager->viewListBox->value = "schematic"
\a cdsLibManager->viewLineEdit->value = "schematic"
\a cdsLibManager->viewLineEdit->value = ""
\a cdsLibManager->viewListBox->value = nil
\o MPS request: edit design
\a cdsLibManager->cellLineEdit->value = "Conv_CSKA"
\a nrSetCurrentWindow(cdsLibManager)
\a nrSetCurrentWindow(cdsLibManager)
\a lmgrLogShowPopup("mainListPopup1" 71 71 2 "Conv_CSKA")
\a cdsLibManager->editDeleteButton->value = t
\a nrSetWindowVisibility(deleteForm "show")
\a nrSetCurrentWindow(deleteForm)
\a nrResizeWindow(deleteForm list(645 312 627 425))
\a deleteForm->OK->value = t
\o QUESTION (CLM-199): The following 1 items are marked for deletion.  Are you sure?
\a nrSetWindowVisibility(mcMBXDLG "show")
\a nrSetCurrentWindow(mcMBXDLG)
\a nrResizeWindow(mcMBXDLG list(777 375 362 312))
\a mcMBXDLG->pushButton1->value = t
\o Deleting cell "Conv_CSKA" from library "Tech_Seminar_MM".
\a nrSetWindowVisibility(workingDialogForm "show")
\a nrSetCurrentWindow(deleteForm)
\o Deleted cell 'Tech_Seminar_MM/Conv_CSKA'.
\o Deletion of 1 cell done.
\a nrSetCurrentWindow(cdsLibManager)
\a nrSetCurrentWindow(workingDialogForm)
\a nrSetCurrentWindow(cdsLibManager)
\a cdsLibManager->cellListBox->value = nil
\a nrResizeWindow(workingDialogForm list(2 26 281 131))
\a cdsLibManager->libListBox->value = nil
\a cdsLibManager->libLineEdit->value = ""
\a cdsLibManager->libListBox->value = "Tech_Seminar_MM"
\a cdsLibManager->libLineEdit->value = "Tech_Seminar_MM"
\a cdsLibManager->cellListBox->value = "cska_32test"
\a cdsLibManager->viewListBox->value = "schematic"
\a cdsLibManager->viewLineEdit->value = "schematic"
\a cdsLibManager->cellListBox->value = nil
\a cdsLibManager->viewLineEdit->value = ""
\a cdsLibManager->viewListBox->value = nil
\a nrListItemAction(cdsLibManager->cellListBox 14 0)
\a cdsLibManager->cellListBox->value = "cska_32test"
\a cdsLibManager->viewListBox->value = "schematic"
\a cdsLibManager->viewLineEdit->value = "schematic"
\a cdsLibManager->viewLineEdit->value = ""
\a cdsLibManager->viewListBox->value = nil
\o MPS request: edit design
\a cdsLibManager->cellLineEdit->value = "cska_32test"
\a nrSetCurrentWindow(cdsLibManager)
\a nrSetCurrentWindow(cdsLibManager)
\a lmgrLogShowPopup("mainListPopup1" 41 210 2 "cska_32test")
\a cdsLibManager->editDeleteButton->value = t
\a nrSetWindowVisibility(deleteForm "show")
\a nrSetCurrentWindow(deleteForm)
\a nrResizeWindow(deleteForm list(645 312 627 425))
\a deleteForm->OK->value = t
\o QUESTION (CLM-199): The following 1 items are marked for deletion.  Are you sure?
\a nrSetWindowVisibility(mcMBXDLG "show")
\a nrSetCurrentWindow(mcMBXDLG)
\a nrResizeWindow(mcMBXDLG list(777 375 362 312))
\a mcMBXDLG->pushButton1->value = t
\o Deleting cell "cska_32test" from library "Tech_Seminar_MM".
\a nrSetWindowVisibility(workingDialogForm "show")
\a nrSetCurrentWindow(deleteForm)
\o Deleted cell 'Tech_Seminar_MM/cska_32test'.
\o Deletion of 1 cell done.
\a nrSetCurrentWindow(cdsLibManager)
\a nrSetCurrentWindow(workingDialogForm)
\a nrSetCurrentWindow(cdsLibManager)
\a cdsLibManager->cellListBox->value = nil
\a nrResizeWindow(workingDialogForm list(2 26 281 131))
\a cdsLibManager->libListBox->value = nil
\a cdsLibManager->libLineEdit->value = ""
\a cdsLibManager->libListBox->value = "Tech_Seminar_MM"
\a cdsLibManager->libLineEdit->value = "Tech_Seminar_MM"
\a cdsLibManager->cellListBox->value = "Conv_CSKA_FSS"
\a cdsLibManager->viewListBox->value = "schematic"
\a cdsLibManager->viewLineEdit->value = "schematic"
\a cdsLibManager->cellListBox->value = nil
\a cdsLibManager->viewLineEdit->value = ""
\a cdsLibManager->viewListBox->value = nil
\a nrListItemAction(cdsLibManager->cellListBox 4 0)
\a cdsLibManager->cellListBox->value = "Conv_CSKA_FSS"
\a cdsLibManager->viewListBox->value = "schematic"
\a cdsLibManager->viewLineEdit->value = "schematic"
\a cdsLibManager->viewLineEdit->value = ""
\a cdsLibManager->viewListBox->value = nil
\o MPS request: edit design
\a cdsLibManager->cellLineEdit->value = "Conv_CSKA_FSS"
\a nrSetCurrentWindow(cdsLibManager)
\a cdsLibManager->cellListBox->value = "CI_CSKA_VSS"
\a cdsLibManager->viewListBox->value = "schematic"
\a cdsLibManager->viewLineEdit->value = "schematic"
\a cdsLibManager->cellListBox->value = "CI_CSKA_FSS"
\a cdsLibManager->viewLineEdit->value = ""
\a cdsLibManager->viewListBox->value = nil
\a cdsLibManager->viewListBox->value = "schematic"
\a cdsLibManager->viewLineEdit->value = "schematic"
\a nrListItemAction(cdsLibManager->cellListBox 2 0)
\a cdsLibManager->viewLineEdit->value = ""
\a cdsLibManager->viewListBox->value = nil
\o MPS request: edit design
\a cdsLibManager->cellLineEdit->value = "CI_CSKA_FSS"
\a nrResizeWindow(cdsLibManager list(0 24 950 800))
\a cdsLibManager->libListBox->value = nil
\a cdsLibManager->cellListBox->value = nil
\a cdsLibManager->cellLineEdit->value = ""
\a cdsLibManager->libLineEdit->value = ""
\a cdsLibManager->libListBox->value = "Tech_Seminar_MM"
\a cdsLibManager->libLineEdit->value = "Tech_Seminar_MM"
\a cdsLibManager->cellListBox->value = "CI_CSKA_FSS"
\a cdsLibManager->cellLineEdit->value = "CI_CSKA_FSS"
\a cdsLibManager->viewListBox->value = "schematic"
\a cdsLibManager->viewLineEdit->value = "schematic"
\a cdsLibManager->viewLineEdit->value = ""
\a cdsLibManager->viewListBox->value = nil
\a cdsLibManager->viewListBox->value = "schematic"
\a cdsLibManager->viewLineEdit->value = "schematic"
\a cdsLibManager->libListBox->value = nil
\a cdsLibManager->cellListBox->value = nil
\a cdsLibManager->viewLineEdit->value = ""
\a cdsLibManager->viewListBox->value = nil
\a cdsLibManager->cellLineEdit->value = ""
\a cdsLibManager->libLineEdit->value = ""
\a cdsLibManager->libListBox->value = "Tech_Seminar_MM"
\a cdsLibManager->libLineEdit->value = "Tech_Seminar_MM"
\a cdsLibManager->cellListBox->value = "CI_CSKA_FSS"
\a cdsLibManager->cellLineEdit->value = "CI_CSKA_FSS"
\a cdsLibManager->viewListBox->value = "schematic"
\a cdsLibManager->viewLineEdit->value = "schematic"
\a cdsLibManager->viewLineEdit->value = ""
\a cdsLibManager->viewListBox->value = nil
\a cdsLibManager->viewListBox->value = "schematic"
\a cdsLibManager->viewLineEdit->value = "schematic"
\a cdsLibManager->libListBox->value = nil
\a cdsLibManager->cellListBox->value = nil
\a cdsLibManager->viewLineEdit->value = ""
\a cdsLibManager->viewListBox->value = nil
\a cdsLibManager->cellLineEdit->value = ""
\a cdsLibManager->libLineEdit->value = ""
\a cdsLibManager->libListBox->value = "Tech_Seminar_MM"
\a cdsLibManager->libLineEdit->value = "Tech_Seminar_MM"
\a cdsLibManager->cellListBox->value = "CI_CSKA_FSS"
\a cdsLibManager->cellLineEdit->value = "CI_CSKA_FSS"
\a cdsLibManager->viewListBox->value = "schematic"
\a cdsLibManager->viewLineEdit->value = "schematic"
\a cdsLibManager->viewLineEdit->value = ""
\a cdsLibManager->viewListBox->value = nil
\a cdsLibManager->viewListBox->value = "schematic"
\a cdsLibManager->viewLineEdit->value = "schematic"
\a cdsLibManager->libListBox->value = nil
\a cdsLibManager->cellListBox->value = nil
\a cdsLibManager->viewLineEdit->value = ""
\a cdsLibManager->viewListBox->value = nil
\a cdsLibManager->cellLineEdit->value = ""
\a cdsLibManager->libLineEdit->value = ""
\a cdsLibManager->libListBox->value = "Tech_Seminar_MM"
\a cdsLibManager->libLineEdit->value = "Tech_Seminar_MM"
\a cdsLibManager->cellListBox->value = "CI_CSKA_FSS"
\a cdsLibManager->cellLineEdit->value = "CI_CSKA_FSS"
\a cdsLibManager->viewListBox->value = "schematic"
\a cdsLibManager->viewLineEdit->value = "schematic"
\a cdsLibManager->viewLineEdit->value = ""
\a cdsLibManager->viewListBox->value = nil
\a cdsLibManager->viewListBox->value = "schematic"
\a cdsLibManager->viewLineEdit->value = "schematic"
\a cdsLibManager->libListBox->value = nil
\a cdsLibManager->cellListBox->value = nil
\a cdsLibManager->viewLineEdit->value = ""
\a cdsLibManager->viewListBox->value = nil
\a cdsLibManager->cellLineEdit->value = ""
\a cdsLibManager->libLineEdit->value = ""
\a cdsLibManager->libListBox->value = "Tech_Seminar_MM"
\a cdsLibManager->libLineEdit->value = "Tech_Seminar_MM"
\a cdsLibManager->cellListBox->value = "CI_CSKA_FSS"
\a cdsLibManager->cellLineEdit->value = "CI_CSKA_FSS"
\a cdsLibManager->viewListBox->value = "schematic"
\a cdsLibManager->viewLineEdit->value = "schematic"
\a cdsLibManager->viewLineEdit->value = ""
\a cdsLibManager->viewListBox->value = nil
\a cdsLibManager->viewListBox->value = "schematic"
\a cdsLibManager->viewLineEdit->value = "schematic"
\a cdsLibManager->libListBox->value = nil
\a cdsLibManager->cellListBox->value = nil
\a cdsLibManager->viewLineEdit->value = ""
\a cdsLibManager->viewListBox->value = nil
\a cdsLibManager->cellLineEdit->value = ""
\a cdsLibManager->libLineEdit->value = ""
\a cdsLibManager->libListBox->value = "Tech_Seminar_MM"
\a cdsLibManager->libLineEdit->value = "Tech_Seminar_MM"
\a cdsLibManager->cellListBox->value = "CI_CSKA_FSS"
\a cdsLibManager->cellLineEdit->value = "CI_CSKA_FSS"
\a cdsLibManager->viewListBox->value = "schematic"
\a cdsLibManager->viewLineEdit->value = "schematic"
\a cdsLibManager->viewLineEdit->value = ""
\a cdsLibManager->viewListBox->value = nil
\a cdsLibManager->viewListBox->value = "schematic"
\a cdsLibManager->viewLineEdit->value = "schematic"
\a nrResizeWindow(cdsLibManager list(0 24 1916 1001))
\a cdsLibManager->libListBox->value = nil
\a cdsLibManager->cellListBox->value = nil
\a cdsLibManager->viewLineEdit->value = ""
\a cdsLibManager->viewListBox->value = nil
\a cdsLibManager->cellLineEdit->value = ""
\a cdsLibManager->libLineEdit->value = ""
\a cdsLibManager->libListBox->value = "Tech_Seminar_MM"
\a cdsLibManager->libLineEdit->value = "Tech_Seminar_MM"
\a cdsLibManager->cellListBox->value = "CI_CSKA_FSS"
\a cdsLibManager->cellLineEdit->value = "CI_CSKA_FSS"
\a cdsLibManager->viewListBox->value = "schematic"
\a cdsLibManager->viewLineEdit->value = "schematic"
\a cdsLibManager->viewLineEdit->value = ""
\a cdsLibManager->viewListBox->value = nil
\a cdsLibManager->viewListBox->value = "schematic"
\a cdsLibManager->viewLineEdit->value = "schematic"
\a cdsLibManager->libListBox->value = nil
\a cdsLibManager->cellListBox->value = nil
\a cdsLibManager->viewLineEdit->value = ""
\a cdsLibManager->viewListBox->value = nil
\a cdsLibManager->cellLineEdit->value = ""
\a cdsLibManager->libLineEdit->value = ""
\a cdsLibManager->libListBox->value = "Tech_Seminar_MM"
\a cdsLibManager->libLineEdit->value = "Tech_Seminar_MM"
\a cdsLibManager->cellListBox->value = "CI_CSKA_FSS"
\a cdsLibManager->cellLineEdit->value = "CI_CSKA_FSS"
\a cdsLibManager->viewListBox->value = "schematic"
\a cdsLibManager->viewLineEdit->value = "schematic"
\a cdsLibManager->viewLineEdit->value = ""
\a cdsLibManager->viewListBox->value = nil
\a cdsLibManager->viewListBox->value = "schematic"
\a cdsLibManager->viewLineEdit->value = "schematic"
\a cdsLibManager->libListBox->value = nil
\a cdsLibManager->cellListBox->value = nil
\a cdsLibManager->viewLineEdit->value = ""
\a cdsLibManager->viewListBox->value = nil
\a cdsLibManager->cellLineEdit->value = ""
\a cdsLibManager->libLineEdit->value = ""
\a cdsLibManager->libListBox->value = "Tech_Seminar_MM"
\a cdsLibManager->libLineEdit->value = "Tech_Seminar_MM"
\a cdsLibManager->cellListBox->value = "CI_CSKA_FSS"
\a cdsLibManager->cellLineEdit->value = "CI_CSKA_FSS"
\a cdsLibManager->viewListBox->value = "schematic"
\a cdsLibManager->viewLineEdit->value = "schematic"
\a cdsLibManager->viewLineEdit->value = ""
\a cdsLibManager->viewListBox->value = nil
\a cdsLibManager->viewListBox->value = "schematic"
\a cdsLibManager->viewLineEdit->value = "schematic"
\a cdsLibManager->libListBox->value = nil
\a cdsLibManager->cellListBox->value = nil
\a cdsLibManager->viewLineEdit->value = ""
\a cdsLibManager->viewListBox->value = nil
\a cdsLibManager->cellLineEdit->value = ""
\a cdsLibManager->libLineEdit->value = ""
\a cdsLibManager->libListBox->value = "Tech_Seminar_MM"
\a cdsLibManager->libLineEdit->value = "Tech_Seminar_MM"
\a cdsLibManager->cellListBox->value = "CI_CSKA_FSS"
\a cdsLibManager->cellLineEdit->value = "CI_CSKA_FSS"
\a cdsLibManager->viewListBox->value = "schematic"
\a cdsLibManager->viewLineEdit->value = "schematic"
\a cdsLibManager->viewLineEdit->value = ""
\a cdsLibManager->viewListBox->value = nil
\a cdsLibManager->viewListBox->value = "schematic"
\a cdsLibManager->viewLineEdit->value = "schematic"
\a cdsLibManager->libListBox->value = nil
\a cdsLibManager->cellListBox->value = nil
\a cdsLibManager->viewLineEdit->value = ""
\a cdsLibManager->viewListBox->value = nil
\a cdsLibManager->cellLineEdit->value = ""
\a cdsLibManager->libLineEdit->value = ""
\a cdsLibManager->libListBox->value = "Tech_Seminar_MM"
\a cdsLibManager->libLineEdit->value = "Tech_Seminar_MM"
\a cdsLibManager->cellListBox->value = "CI_CSKA_FSS"
\a cdsLibManager->cellLineEdit->value = "CI_CSKA_FSS"
\a cdsLibManager->viewListBox->value = "schematic"
\a cdsLibManager->viewLineEdit->value = "schematic"
\a cdsLibManager->viewLineEdit->value = ""
\a cdsLibManager->viewListBox->value = nil
\a cdsLibManager->viewListBox->value = "schematic"
\a cdsLibManager->viewLineEdit->value = "schematic"
\a cdsLibManager->libListBox->value = nil
\a cdsLibManager->cellListBox->value = nil
\a cdsLibManager->viewLineEdit->value = ""
\a cdsLibManager->viewListBox->value = nil
\a cdsLibManager->cellLineEdit->value = ""
\a cdsLibManager->libLineEdit->value = ""
\a cdsLibManager->libListBox->value = "Tech_Seminar_MM"
\a cdsLibManager->libLineEdit->value = "Tech_Seminar_MM"
\a cdsLibManager->cellListBox->value = "CI_CSKA_FSS"
\a cdsLibManager->cellLineEdit->value = "CI_CSKA_FSS"
\a cdsLibManager->viewListBox->value = "schematic"
\a cdsLibManager->viewLineEdit->value = "schematic"
\a cdsLibManager->viewLineEdit->value = ""
\a cdsLibManager->viewListBox->value = nil
\a cdsLibManager->viewListBox->value = "schematic"
\a cdsLibManager->viewLineEdit->value = "schematic"
\a cdsLibManager->libListBox->value = nil
\a cdsLibManager->cellListBox->value = nil
\a cdsLibManager->viewLineEdit->value = ""
\a cdsLibManager->viewListBox->value = nil
\a cdsLibManager->cellLineEdit->value = ""
\a cdsLibManager->libLineEdit->value = ""
\a cdsLibManager->libListBox->value = "Tech_Seminar_MM"
\a cdsLibManager->libLineEdit->value = "Tech_Seminar_MM"
\a cdsLibManager->cellListBox->value = "CI_CSKA_FSS"
\a cdsLibManager->cellLineEdit->value = "CI_CSKA_FSS"
\a cdsLibManager->viewListBox->value = "schematic"
\a cdsLibManager->viewLineEdit->value = "schematic"
\a cdsLibManager->viewLineEdit->value = ""
\a cdsLibManager->viewListBox->value = nil
\a cdsLibManager->viewListBox->value = "schematic"
\a cdsLibManager->viewLineEdit->value = "schematic"
\a cdsLibManager->libListBox->value = nil
\a cdsLibManager->cellListBox->value = nil
\a cdsLibManager->viewLineEdit->value = ""
\a cdsLibManager->viewListBox->value = nil
\a cdsLibManager->cellLineEdit->value = ""
\a cdsLibManager->libLineEdit->value = ""
\a cdsLibManager->libListBox->value = "Tech_Seminar_MM"
\a cdsLibManager->libLineEdit->value = "Tech_Seminar_MM"
\a cdsLibManager->cellListBox->value = "CI_CSKA_FSS"
\a cdsLibManager->cellLineEdit->value = "CI_CSKA_FSS"
\a cdsLibManager->viewListBox->value = "schematic"
\a cdsLibManager->viewLineEdit->value = "schematic"
\a cdsLibManager->viewLineEdit->value = ""
\a cdsLibManager->viewListBox->value = nil
\a cdsLibManager->viewListBox->value = "schematic"
\a cdsLibManager->viewLineEdit->value = "schematic"
\a cdsLibManager->libListBox->value = nil
\a cdsLibManager->cellListBox->value = nil
\a cdsLibManager->viewLineEdit->value = ""
\a cdsLibManager->viewListBox->value = nil
\a cdsLibManager->cellLineEdit->value = ""
\a cdsLibManager->libLineEdit->value = ""
\a cdsLibManager->libListBox->value = "Tech_Seminar_MM"
\a cdsLibManager->libLineEdit->value = "Tech_Seminar_MM"
\a cdsLibManager->cellListBox->value = "CI_CSKA_FSS"
\a cdsLibManager->cellLineEdit->value = "CI_CSKA_FSS"
\a cdsLibManager->viewListBox->value = "schematic"
\a cdsLibManager->viewLineEdit->value = "schematic"
\a cdsLibManager->viewLineEdit->value = ""
\a cdsLibManager->viewListBox->value = nil
\a cdsLibManager->viewListBox->value = "schematic"
\a cdsLibManager->viewLineEdit->value = "schematic"
\a nrSetCurrentWindow(cdsLibManager)
\a cdsLibManager->cellListBox->value = "HA"
\a cdsLibManager->viewLineEdit->value = ""
\a cdsLibManager->viewListBox->value = nil
\a cdsLibManager->viewListBox->value = "schematic"
\a cdsLibManager->viewLineEdit->value = "schematic"
\a cdsLibManager->viewLineEdit->value = ""
\a cdsLibManager->viewListBox->value = nil
\a lmgrLogShowPopup("mainListPopup1" 32 115 2 "HA")
\a cdsLibManager->cellLineEdit->value = "HA"
\a cdsLibManager->editDeleteButton->value = t
\a nrSetWindowVisibility(deleteForm "show")
\a nrResizeWindow(deleteForm list(645 312 627 425))
\a nrSetCurrentWindow(deleteForm)
\a deleteForm->OK->value = t
\o QUESTION (CLM-199): The following 1 items are marked for deletion.  Are you sure?
\a nrSetWindowVisibility(mcMBXDLG "show")
\a nrSetCurrentWindow(mcMBXDLG)
\a nrResizeWindow(mcMBXDLG list(777 404 362 226))
\a mcMBXDLG->pushButton1->value = t
\o Deleting cell "HA" from library "Tech_Seminar_MM".
\a nrSetWindowVisibility(workingDialogForm "show")
\a nrSetCurrentWindow(deleteForm)
\o Deleted cell 'Tech_Seminar_MM/HA'.
\o Deletion of 1 cell done.
\a nrSetCurrentWindow(cdsLibManager)
\a nrSetCurrentWindow(workingDialogForm)
\a nrSetCurrentWindow(cdsLibManager)
\a cdsLibManager->cellListBox->value = nil
\a nrResizeWindow(workingDialogForm list(2 26 281 131))
\a cdsLibManager->libListBox->value = nil
\a cdsLibManager->libLineEdit->value = ""
\a cdsLibManager->libListBox->value = "Tech_Seminar_MM"
\a cdsLibManager->libLineEdit->value = "Tech_Seminar_MM"
\a cdsLibManager->cellLineEdit->value = ""
\a cdsLibManager->libListBox->value = nil
\a cdsLibManager->libLineEdit->value = ""
\a cdsLibManager->libListBox->value = "Tech_Seminar_MM"
\a cdsLibManager->libLineEdit->value = "Tech_Seminar_MM"
\a cdsLibManager->libListBox->value = nil
\a cdsLibManager->libLineEdit->value = ""
\a cdsLibManager->libListBox->value = "Tech_Seminar_MM"
\a cdsLibManager->libLineEdit->value = "Tech_Seminar_MM"
\a cdsLibManager->libListBox->value = nil
\a cdsLibManager->libLineEdit->value = ""
\a cdsLibManager->libListBox->value = "Tech_Seminar_MM"
\a cdsLibManager->libLineEdit->value = "Tech_Seminar_MM"
\a cdsLibManager->libListBox->value = nil
\a cdsLibManager->libLineEdit->value = ""
\a cdsLibManager->libListBox->value = "Tech_Seminar_MM"
\a cdsLibManager->libLineEdit->value = "Tech_Seminar_MM"
