pnlAddPane();
nil
1
designOpen("F:\\MAJOR_PROJECT\\Codes\\CMOS\\Conventional\\ALU_kogge_con\\alu_kogge_con.tr0");
"D0"
t
pnlAddCurve(1, node(D0,"A0","v(ycout)"), node(D0,"A0","TIME"));
nil
pnlAddCurve(1, node(D0,"A0","v(y7)"), node(D0,"A0","TIME"));
nil
pnlAddCurve(1, node(D0,"A0","v(y6)"), node(D0,"A0","TIME"));
nil
pnlAddCurve(1, node(D0,"A0","v(y5)"), node(D0,"A0","TIME"));
nil
pnlUnselectPane(1, 0);
nil
pnlSelectPane(1);
nil
pnlUnselectPane(1, 0);
nil
pnlSelectPane(1);
nil
quit();
exit
pnlDeletePane(1, 1);
nil
nil
