pnlAddPane();
nil
1
designOpen("F:\\MAJOR_PROJECT\\Codes\\GNRFET\\Adiabatic_logic\\PFAL\\2_1_MUX\\init.tr0");
"D0"
t
pnlAddCurve(1, node(D0,"A0","v(va)"), node(D0,"A0","TIME"));
nil
pnlAddCurve(1, node(D0,"A0","v(vb)"), node(D0,"A0","TIME"));
nil
pnlAddCurve(1, node(D0,"A0","v(vc)"), node(D0,"A0","TIME"));
nil
pnlAddCurve(1, node(D0,"A0","v(y)"), node(D0,"A0","TIME"));
nil
pnlAddCurve(1, node(D0,"A0","v(yb)"), node(D0,"A0","TIME"));
nil
pnlUnselectPane(1, 0);
nil
pnlSelectPane(1);
nil
quit();
exit
pnlDeletePane(1, 1);
nil
nil
