pnlAddPane();
nil
1
designOpen("F:\\MAJOR_PROJECT\\Codes\\GNRFET\\Adiabatic_logic\\PFAL\\Adders\\Kogge_stone\\init.tr0");
"D0"
t
pnlAddCurve(1, node(D0,"A0","v(vclk1)"), node(D0,"A0","TIME"));
nil
pnlAddCurve(1, node(D0,"A0","v(vclk2)"), node(D0,"A0","TIME"));
nil
pnlAddCurve(1, node(D0,"A0","v(vclk3)"), node(D0,"A0","TIME"));
nil
pnlAddCurve(1, node(D0,"A0","v(vclk4)"), node(D0,"A0","TIME"));
nil
pnlAddCurve(1, node(D0,"A0","v(vcin)"), node(D0,"A0","TIME"));
nil
pnlAddCurve(1, node(D0,"A0","v(vb7)"), node(D0,"A0","TIME"));
nil
pnlAddCurve(1, node(D0,"A0","v(va7)"), node(D0,"A0","TIME"));
nil
pnlAddCurve(1, node(D0,"A0","v(cout)"), node(D0,"A0","TIME"));
nil
pnlAddCurve(1, node(D0,"A0","v(s0)"), node(D0,"A0","TIME"));
nil
pnlAddCurve(1, node(D0,"A0","v(s1)"), node(D0,"A0","TIME"));
nil
pnlAddCurve(1, node(D0,"A0","v(s2)"), node(D0,"A0","TIME"));
nil
updateAll();
t
quit();
exit
pnlDeletePane(1, 1);
nil
nil
